INFO:root:copying ../DATA/poe_sonnet.txt to /tmp
INFO:root:copying ../DATA/computer_people.txt to /tmp
INFO:root:copying ../DATA/eggs.txt to /tmp
INFO:root:copying ../DATA/fruit2.txt to /tmp
INFO:root:copying ../DATA/parrot.txt to /tmp
INFO:root:copying ../DATA/fruit1.txt to /tmp
INFO:root:copying ../DATA/alice.txt to /tmp
INFO:root:copying ../DATA/spam.txt to /tmp
INFO:root:copying ../DATA/tyger.txt to /tmp
INFO:root:copying ../DATA/fruit.txt to /tmp
INFO:root:copying ../DATA/presidents.txt to /tmp
INFO:root:copying ../DATA/breakfast.txt to /tmp
INFO:root:copying ../DATA/mary.txt to /tmp
INFO:root:copying ../DATA/words.txt to /tmp
INFO:root:copying ../DATA/primeministers.txt to /tmp
INFO:root:copying ../DATA/alt.txt to /tmp
INFO:root:copying ../DATA/knights.txt to /tmp
INFO:root:copying ../DATA/potus/presidents.txt to /tmp
INFO:root:copying ../DATA/../DATA/poe_sonnet.txt to /tmp
INFO:root:copying ../DATA/../DATA/computer_people.txt to /tmp
INFO:root:copying ../DATA/../DATA/eggs.txt to /tmp
INFO:root:copying ../DATA/../DATA/fruit2.txt to /tmp
INFO:root:copying ../DATA/../DATA/parrot.txt to /tmp
INFO:root:copying ../DATA/../DATA/fruit1.txt to /tmp
INFO:root:copying ../DATA/../DATA/alice.txt to /tmp
INFO:root:copying ../DATA/../DATA/spam.txt to /tmp
INFO:root:copying ../DATA/../DATA/tyger.txt to /tmp
INFO:root:copying ../DATA/../DATA/fruit.txt to /tmp
INFO:root:copying ../DATA/../DATA/presidents.txt to /tmp
INFO:root:copying ../DATA/../DATA/breakfast.txt to /tmp
INFO:root:copying ../DATA/../DATA/mary.txt to /tmp
INFO:root:copying ../DATA/../DATA/words.txt to /tmp
INFO:root:copying ../DATA/../DATA/primeministers.txt to /tmp
INFO:root:copying ../DATA/../DATA/alt.txt to /tmp
INFO:root:copying ../DATA/../DATA/knights.txt to /tmp
INFO:root:copying ../DATA/potus/../DATA/poe_sonnet.txt to /tmp
INFO:root:copying ../DATA/poe_sonnet.txt to /tmp
INFO:root:copying ../DATA/computer_people.txt to /tmp
INFO:root:copying ../DATA/eggs.txt to /tmp
INFO:root:copying ../DATA/fruit2.txt to /tmp
INFO:root:copying ../DATA/parrot.txt to /tmp
INFO:root:copying ../DATA/fruit1.txt to /tmp
INFO:root:copying ../DATA/alice.txt to /tmp
INFO:root:copying ../DATA/spam.txt to /tmp
INFO:root:copying ../DATA/tyger.txt to /tmp
INFO:root:copying ../DATA/fruit.txt to /tmp
INFO:root:copying ../DATA/presidents.txt to /tmp
INFO:root:copying ../DATA/breakfast.txt to /tmp
INFO:root:copying ../DATA/mary.txt to /tmp
INFO:root:copying ../DATA/words.txt to /tmp
INFO:root:copying ../DATA/primeministers.txt to /tmp
INFO:root:copying ../DATA/alt.txt to /tmp
INFO:root:copying ../DATA/knights.txt to /tmp
INFO:root:copying ../DATA/poe_sonnet.txt to /tmp
INFO:root:copying ../DATA/computer_people.txt to /tmp
INFO:root:copying ../DATA/eggs.txt to /tmp
INFO:root:copying ../DATA/fruit2.txt to /tmp
INFO:root:copying ../DATA/parrot.txt to /tmp
INFO:root:copying ../DATA/fruit1.txt to /tmp
INFO:root:copying ../DATA/alice.txt to /tmp
INFO:root:copying ../DATA/spam.txt to /tmp
INFO:root:copying ../DATA/tyger.txt to /tmp
INFO:root:copying ../DATA/fruit.txt to /tmp
INFO:root:copying ../DATA/presidents.txt to /tmp
INFO:root:copying ../DATA/breakfast.txt to /tmp
INFO:root:copying ../DATA/mary.txt to /tmp
INFO:root:copying ../DATA/words.txt to /tmp
INFO:root:copying ../DATA/primeministers.txt to /tmp
INFO:root:copying ../DATA/alt.txt to /tmp
INFO:root:copying ../DATA/knights.txt to /tmp
INFO:root:copying ../DATA/poe_sonnet.txt to /tmp
INFO:root:copying ../DATA/computer_people.txt to /tmp
INFO:root:copying ../DATA/eggs.txt to /tmp
INFO:root:copying ../DATA/fruit2.txt to /tmp
INFO:root:copying ../DATA/parrot.txt to /tmp
INFO:root:copying ../DATA/fruit1.txt to /tmp
INFO:root:copying ../DATA/alice.txt to /tmp
INFO:root:copying ../DATA/spam.txt to /tmp
INFO:root:copying ../DATA/tyger.txt to /tmp
INFO:root:copying ../DATA/fruit.txt to /tmp
INFO:root:copying ../DATA/presidents.txt to /tmp
INFO:root:copying ../DATA/breakfast.txt to /tmp
INFO:root:copying ../DATA/mary.txt to /tmp
INFO:root:copying ../DATA/words.txt to /tmp
INFO:root:copying ../DATA/primeministers.txt to /tmp
INFO:root:copying ../DATA/alt.txt to /tmp
INFO:root:copying ../DATA/knights.txt to /tmp
